   MainThread:14:41:12.509 util.py                                   210 DEBUG    | Send cmd --> nmcli general permissions |grep enable-disable-wifi
   MainThread:14:41:12.781 util.py                                   216 DEBUG    | Receive response --> org.freedesktop.NetworkManager.enable-disable-wifi                yes   

   MainThread:14:41:12.782 util.py                                   210 DEBUG    | Send cmd --> nmcli general permissions |grep scan
   MainThread:14:41:13.137 util.py                                   216 DEBUG    | Receive response --> org.freedesktop.NetworkManager.wifi.scan                          yes   

   MainThread:14:41:13.137 util.py                                   210 DEBUG    | Send cmd --> nmcli --version
   MainThread:14:41:13.143 util.py                                   216 DEBUG    | Receive response --> nmcli tool, version 1.42.4

   MainThread:14:41:13.143 util.py                                   210 DEBUG    | Send cmd -->  nmcli dev
   MainThread:14:41:13.157 util.py                                   216 DEBUG    | Receive response --> DEVICE         TYPE      STATE                   CONNECTION    
wlan0          wifi      connected               preconfigured 
lo             loopback  connected (externally)  lo            
p2p-dev-wlan0  wifi-p2p  disconnected            --            
eth0           ethernet  unavailable             --            

   MainThread:14:41:13.158 wireless.py                                98 DEBUG    | Wifi setup. Using [WifiCli] driver::[wlan0] interface
   MainThread:14:41:13.158 bleak_wrapper.py                          120 INFO     | Scanning for GoPro [A-Z0-9]{4} bluetooth devices...
   MainThread:14:41:13.185 manager.py                                323 DEBUG    | initial properties: {'/org/bluez': {'org.freedesktop.DBus.Introspectable': {}, 'org.bluez.AgentManager1': {}, 'org.bluez.ProfileManager1': {}, 'org.bluez.HealthManager1': {}}, '/org/bluez/hci0': {'org.freedesktop.DBus.Introspectable': {}, 'org.bluez.Adapter1': {'Address': '2C:CF:67:14:FF:E4', 'AddressType': 'public', 'Name': 'raspberrypi', 'Alias': 'raspberrypi', 'Class': 7077888, 'Powered': True, 'Discoverable': False, 'DiscoverableTimeout': 180, 'Pairable': True, 'PairableTimeout': 0, 'Discovering': False, 'UUIDs': ['0000110e-0000-1000-8000-00805f9b34fb', '0000111f-0000-1000-8000-00805f9b34fb', '00001200-0000-1000-8000-00805f9b34fb', '0000110b-0000-1000-8000-00805f9b34fb', '0000110a-0000-1000-8000-00805f9b34fb', '0000110c-0000-1000-8000-00805f9b34fb', '00001800-0000-1000-8000-00805f9b34fb', '00001801-0000-1000-8000-00805f9b34fb', '0000180a-0000-1000-8000-00805f9b34fb', '0000111e-0000-1000-8000-00805f9b34fb'], 'Modalias': 'usb:v1D6Bp0246d0542', 'Roles': ['central', 'peripheral']}, 'org.freedesktop.DBus.Properties': {}, 'org.bluez.GattManager1': {}, 'org.bluez.Media1': {'SupportedUUIDs': ['0000110a-0000-1000-8000-00805f9b34fb', '0000110b-0000-1000-8000-00805f9b34fb']}, 'org.bluez.NetworkServer1': {}, 'org.bluez.LEAdvertisingManager1': {'ActiveInstances': 0, 'SupportedInstances': 5, 'SupportedIncludes': ['tx-power', 'appearance', 'local-name']}}, '/org/bluez/hci0/dev_EB_95_65_61_51_80': {'org.freedesktop.DBus.Introspectable': {}, 'org.bluez.Device1': {'Address': 'EB:95:65:61:51:80', 'AddressType': 'random', 'Name': 'GoPro 1630', 'Alias': 'GoPro 1630', 'Appearance': 128, 'Icon': 'computer', 'Paired': True, 'Bonded': True, 'Trusted': False, 'Blocked': False, 'LegacyPairing': False, 'Connected': False, 'UUIDs': ['00001800-0000-1000-8000-00805f9b34fb', '00001801-0000-1000-8000-00805f9b34fb', '00001804-0000-1000-8000-00805f9b34fb', '0000180a-0000-1000-8000-00805f9b34fb', '0000180f-0000-1000-8000-00805f9b34fb', '0000fea6-0000-1000-8000-00805f9b34fb', 'b5f90001-aa8d-11e3-9046-0002a5d5c51b', 'b5f90080-aa8d-11e3-9046-0002a5d5c51b', 'b5f90090-aa8d-11e3-9046-0002a5d5c51b'], 'Adapter': '/org/bluez/hci0', 'ManufacturerData': {754: bytearray(b'\x02\x017?\x00\x80Qae\x95\xeb\x0f')}, 'ServicesResolved': False}, 'org.freedesktop.DBus.Properties': {}}, '/org/bluez/hci0/dev_EB_95_65_61_51_80/service004c': {'org.freedesktop.DBus.Introspectable': {}, 'org.bluez.GattService1': {'UUID': 'b5f90080-aa8d-11e3-9046-0002a5d5c51b', 'Device': '/org/bluez/hci0/dev_EB_95_65_61_51_80', 'Primary': True, 'Includes': []}, 'org.freedesktop.DBus.Properties': {}}, '/org/bluez/hci0/dev_EB_95_65_61_51_80/service004c/char0055': {'org.freedesktop.DBus.Introspectable': {}, 'org.bluez.GattCharacteristic1': {'UUID': 'b5f90084-aa8d-11e3-9046-0002a5d5c51b', 'Service': '/org/bluez/hci0/dev_EB_95_65_61_51_80/service004c', 'Value': bytearray(b''), 'Notifying': True, 'Flags': ['notify'], 'NotifyAcquired': False}, 'org.freedesktop.DBus.Properties': {}}, '/org/bluez/hci0/dev_EB_95_65_61_51_80/service004c/char0055/desc0057': {'org.freedesktop.DBus.Introspectable': {}, 'org.bluez.GattDescriptor1': {'UUID': '00002902-0000-1000-8000-00805f9b34fb', 'Characteristic': '/org/bluez/hci0/dev_EB_95_65_61_51_80/service004c/char0055', 'Value': bytearray(b'\x00\x00')}, 'org.freedesktop.DBus.Properties': {}}, '/org/bluez/hci0/dev_EB_95_65_61_51_80/service004c/char0052': {'org.freedesktop.DBus.Introspectable': {}, 'org.bluez.GattCharacteristic1': {'UUID': 'b5f90083-aa8d-11e3-9046-0002a5d5c51b', 'Service': '/org/bluez/hci0/dev_EB_95_65_61_51_80/service004c', 'Value': bytearray(b''), 'Notifying': True, 'Flags': ['notify'], 'NotifyAcquired': False}, 'org.freedesktop.DBus.Properties': {}}, '/org/bluez/hci0/dev_EB_95_65_61_51_80/service004c/char0052/desc0054': {'org.freedesktop.DBus.Introspectable': {}, 'org.bluez.GattDescriptor1': {'UUID': '00002902-0000-1000-8000-00805f9b34fb', 'Characteristic': '/org/bluez/hci0/dev_EB_95_65_61_51_80/service004c/char0052', 'Value': bytearray(b'\x00\x00')}, 'org.freedesktop.DBus.Properties': {}}, '/org/bluez/hci0/dev_EB_95_65_61_51_80/service004c/char0050': {'org.freedesktop.DBus.Introspectable': {}, 'org.bluez.GattCharacteristic1': {'UUID': 'b5f90082-aa8d-11e3-9046-0002a5d5c51b', 'Service': '/org/bluez/hci0/dev_EB_95_65_61_51_80/service004c', 'Value': bytearray(b''), 'Flags': ['write']}, 'org.freedesktop.DBus.Properties': {}}, '/org/bluez/hci0/dev_EB_95_65_61_51_80/service004c/char004d': {'org.freedesktop.DBus.Introspectable': {}, 'org.bluez.GattCharacteristic1': {'UUID': 'b5f90081-aa8d-11e3-9046-0002a5d5c51b', 'Service': '/org/bluez/hci0/dev_EB_95_65_61_51_80/service004c', 'Value': bytearray(b''), 'Notifying': True, 'Flags': ['notify'], 'NotifyAcquired': False}, 'org.freedesktop.DBus.Properties': {}}, '/org/bluez/hci0/dev_EB_95_65_61_51_80/service004c/char004d/desc004f': {'org.freedesktop.DBus.Introspectable': {}, 'org.bluez.GattDescriptor1': {'UUID': '00002902-0000-1000-8000-00805f9b34fb', 'Characteristic': '/org/bluez/hci0/dev_EB_95_65_61_51_80/service004c/char004d', 'Value': bytearray(b'\x00\x00')}, 'org.freedesktop.DBus.Properties': {}}, '/org/bluez/hci0/dev_EB_95_65_61_51_80/service0046': {'org.freedesktop.DBus.Introspectable': {}, 'org.bluez.GattService1': {'UUID': 'b5f90090-aa8d-11e3-9046-0002a5d5c51b', 'Device': '/org/bluez/hci0/dev_EB_95_65_61_51_80', 'Primary': True, 'Includes': []}, 'org.freedesktop.DBus.Properties': {}}, '/org/bluez/hci0/dev_EB_95_65_61_51_80/service0046/char0049': {'org.freedesktop.DBus.Introspectable': {}, 'org.bluez.GattCharacteristic1': {'UUID': 'b5f90092-aa8d-11e3-9046-0002a5d5c51b', 'Service': '/org/bluez/hci0/dev_EB_95_65_61_51_80/service0046', 'Value': bytearray(b''), 'Notifying': True, 'Flags': ['notify'], 'NotifyAcquired': False}, 'org.freedesktop.DBus.Properties': {}}, '/org/bluez/hci0/dev_EB_95_65_61_51_80/service0046/char0049/desc004b': {'org.freedesktop.DBus.Introspectable': {}, 'org.bluez.GattDescriptor1': {'UUID': '00002902-0000-1000-8000-00805f9b34fb', 'Characteristic': '/org/bluez/hci0/dev_EB_95_65_61_51_80/service0046/char0049', 'Value': bytearray(b'\x00\x00')}, 'org.freedesktop.DBus.Properties': {}}, '/org/bluez/hci0/dev_EB_95_65_61_51_80/service0046/char0047': {'org.freedesktop.DBus.Introspectable': {}, 'org.bluez.GattCharacteristic1': {'UUID': 'b5f90091-aa8d-11e3-9046-0002a5d5c51b', 'Service': '/org/bluez/hci0/dev_EB_95_65_61_51_80/service0046', 'Value': bytearray(b''), 'Flags': ['write']}, 'org.freedesktop.DBus.Properties': {}}, '/org/bluez/hci0/dev_EB_95_65_61_51_80/service0031': {'org.freedesktop.DBus.Introspectable': {}, 'org.bluez.GattService1': {'UUID': '0000fea6-0000-1000-8000-00805f9b34fb', 'Device': '/org/bluez/hci0/dev_EB_95_65_61_51_80', 'Primary': True, 'Includes': []}, 'org.freedesktop.DBus.Properties': {}}, '/org/bluez/hci0/dev_EB_95_65_61_51_80/service0031/char0043': {'org.freedesktop.DBus.Introspectable': {}, 'org.bluez.GattCharacteristic1': {'UUID': 'b5f90079-aa8d-11e3-9046-0002a5d5c51b', 'Service': '/org/bluez/hci0/dev_EB_95_65_61_51_80/service0031', 'Value': bytearray(b''), 'Notifying': True, 'Flags': ['notify'], 'NotifyAcquired': False}, 'org.freedesktop.DBus.Properties': {}}, '/org/bluez/hci0/dev_EB_95_65_61_51_80/service0031/char0043/desc0045': {'org.freedesktop.DBus.Introspectable': {}, 'org.bluez.GattDescriptor1': {'UUID': '00002902-0000-1000-8000-00805f9b34fb', 'Characteristic': '/org/bluez/hci0/dev_EB_95_65_61_51_80/service0031/char0043', 'Value': bytearray(b'\x00\x00')}, 'org.freedesktop.DBus.Properties': {}}, '/org/bluez/hci0/dev_EB_95_65_61_51_80/service0031/char0041': {'org.freedesktop.DBus.Introspectable': {}, 'org.bluez.GattCharacteristic1': {'UUID': 'b5f90078-aa8d-11e3-9046-0002a5d5c51b', 'Service': '/org/bluez/hci0/dev_EB_95_65_61_51_80/service0031', 'Value': bytearray(b''), 'Flags': ['write']}, 'org.freedesktop.DBus.Properties': {}}, '/org/bluez/hci0/dev_EB_95_65_61_51_80/service0031/char003e': {'org.freedesktop.DBus.Introspectable': {}, 'org.bluez.GattCharacteristic1': {'UUID': 'b5f90077-aa8d-11e3-9046-0002a5d5c51b', 'Service': '/org/bluez/hci0/dev_EB_95_65_61_51_80/service0031', 'Value': bytearray(b'\x08\x93\x00\x08\x01\x00\n\x01\x00'), 'Notifying': True, 'Flags': ['notify'], 'NotifyAcquired': False}, 'org.freedesktop.DBus.Properties': {}}, '/org/bluez/hci0/dev_EB_95_65_61_51_80/service0031/char003e/desc0040': {'org.freedesktop.DBus.Introspectable': {}, 'org.bluez.GattDescriptor1': {'UUID': '00002902-0000-1000-8000-00805f9b34fb', 'Characteristic': '/org/bluez/hci0/dev_EB_95_65_61_51_80/service0031/char003e', 'Value': bytearray(b'\x00\x00')}, 'org.freedesktop.DBus.Properties': {}}, '/org/bluez/hci0/dev_EB_95_65_61_51_80/service0031/char003c': {'org.freedesktop.DBus.Introspectable': {}, 'org.bluez.GattCharacteristic1': {'UUID': 'b5f90076-aa8d-11e3-9046-0002a5d5c51b', 'Service': '/org/bluez/hci0/dev_EB_95_65_61_51_80/service0031', 'Value': bytearray(b''), 'Flags': ['write']}, 'org.freedesktop.DBus.Properties': {}}, '/org/bluez/hci0/dev_EB_95_65_61_51_80/service0031/char0039': {'org.freedesktop.DBus.Introspectable': {}, 'org.bluez.GattCharacteristic1': {'UUID': 'b5f90075-aa8d-11e3-9046-0002a5d5c51b', 'Service': '/org/bluez/hci0/dev_EB_95_65_61_51_80/service0031', 'Value': bytearray(b''), 'Notifying': True, 'Flags': ['notify'], 'NotifyAcquired': False}, 'org.freedesktop.DBus.Properties': {}}, '/org/bluez/hci0/dev_EB_95_65_61_51_80/service0031/char0039/desc003b': {'org.freedesktop.DBus.Introspectable': {}, 'org.bluez.GattDescriptor1': {'UUID': '00002902-0000-1000-8000-00805f9b34fb', 'Characteristic': '/org/bluez/hci0/dev_EB_95_65_61_51_80/service0031/char0039', 'Value': bytearray(b'\x00\x00')}, 'org.freedesktop.DBus.Properties': {}}, '/org/bluez/hci0/dev_EB_95_65_61_51_80/service0031/char0037': {'org.freedesktop.DBus.Introspectable': {}, 'org.bluez.GattCharacteristic1': {'UUID': 'b5f90074-aa8d-11e3-9046-0002a5d5c51b', 'Service': '/org/bluez/hci0/dev_EB_95_65_61_51_80/service0031', 'Value': bytearray(b''), 'Flags': ['write']}, 'org.freedesktop.DBus.Properties': {}}, '/org/bluez/hci0/dev_EB_95_65_61_51_80/service0031/char0034': {'org.freedesktop.DBus.Introspectable': {}, 'org.bluez.GattCharacteristic1': {'UUID': 'b5f90073-aa8d-11e3-9046-0002a5d5c51b', 'Service': '/org/bluez/hci0/dev_EB_95_65_61_51_80/service0031', 'Value': bytearray(b'\x02\x17\x00'), 'Notifying': True, 'Flags': ['notify'], 'NotifyAcquired': False}, 'org.freedesktop.DBus.Properties': {}}, '/org/bluez/hci0/dev_EB_95_65_61_51_80/service0031/char0034/desc0036': {'org.freedesktop.DBus.Introspectable': {}, 'org.bluez.GattDescriptor1': {'UUID': '00002902-0000-1000-8000-00805f9b34fb', 'Characteristic': '/org/bluez/hci0/dev_EB_95_65_61_51_80/service0031/char0034', 'Value': bytearray(b'\x00\x00')}, 'org.freedesktop.DBus.Properties': {}}, '/org/bluez/hci0/dev_EB_95_65_61_51_80/service0031/char0032': {'org.freedesktop.DBus.Introspectable': {}, 'org.bluez.GattCharacteristic1': {'UUID': 'b5f90072-aa8d-11e3-9046-0002a5d5c51b', 'Service': '/org/bluez/hci0/dev_EB_95_65_61_51_80/service0031', 'Value': bytearray(b''), 'Flags': ['write']}, 'org.freedesktop.DBus.Properties': {}}, '/org/bluez/hci0/dev_EB_95_65_61_51_80/service0025': {'org.freedesktop.DBus.Introspectable': {}, 'org.bluez.GattService1': {'UUID': 'b5f90001-aa8d-11e3-9046-0002a5d5c51b', 'Device': '/org/bluez/hci0/dev_EB_95_65_61_51_80', 'Primary': True, 'Includes': []}, 'org.freedesktop.DBus.Properties': {}}, '/org/bluez/hci0/dev_EB_95_65_61_51_80/service0025/char002f': {'org.freedesktop.DBus.Introspectable': {}, 'org.bluez.GattCharacteristic1': {'UUID': 'b5f90006-aa8d-11e3-9046-0002a5d5c51b', 'Service': '/org/bluez/hci0/dev_EB_95_65_61_51_80/service0025', 'Value': bytearray(b''), 'Flags': ['read']}, 'org.freedesktop.DBus.Properties': {}}, '/org/bluez/hci0/dev_EB_95_65_61_51_80/service0025/char002c': {'org.freedesktop.DBus.Introspectable': {}, 'org.bluez.GattCharacteristic1': {'UUID': 'b5f90005-aa8d-11e3-9046-0002a5d5c51b', 'Service': '/org/bluez/hci0/dev_EB_95_65_61_51_80/service0025', 'Value': bytearray(b''), 'Notifying': False, 'Flags': ['read', 'indicate']}, 'org.freedesktop.DBus.Properties': {}}, '/org/bluez/hci0/dev_EB_95_65_61_51_80/service0025/char002c/desc002e': {'org.freedesktop.DBus.Introspectable': {}, 'org.bluez.GattDescriptor1': {'UUID': '00002902-0000-1000-8000-00805f9b34fb', 'Characteristic': '/org/bluez/hci0/dev_EB_95_65_61_51_80/service0025/char002c', 'Value': bytearray(b'\x00\x00')}, 'org.freedesktop.DBus.Properties': {}}, '/org/bluez/hci0/dev_EB_95_65_61_51_80/service0025/char002a': {'org.freedesktop.DBus.Introspectable': {}, 'org.bluez.GattCharacteristic1': {'UUID': 'b5f90004-aa8d-11e3-9046-0002a5d5c51b', 'Service': '/org/bluez/hci0/dev_EB_95_65_61_51_80/service0025', 'Value': bytearray(b''), 'Flags': ['write']}, 'org.freedesktop.DBus.Properties': {}}, '/org/bluez/hci0/dev_EB_95_65_61_51_80/service0025/char0028': {'org.freedesktop.DBus.Introspectable': {}, 'org.bluez.GattCharacteristic1': {'UUID': 'b5f90003-aa8d-11e3-9046-0002a5d5c51b', 'Service': '/org/bluez/hci0/dev_EB_95_65_61_51_80/service0025', 'Value': bytearray(b'NPc-hg6-S5S'), 'Flags': ['read', 'write']}, 'org.freedesktop.DBus.Properties': {}}, '/org/bluez/hci0/dev_EB_95_65_61_51_80/service0025/char0026': {'org.freedesktop.DBus.Introspectable': {}, 'org.bluez.GattCharacteristic1': {'UUID': 'b5f90002-aa8d-11e3-9046-0002a5d5c51b', 'Service': '/org/bluez/hci0/dev_EB_95_65_61_51_80/service0025', 'Value': bytearray(b'GoPro Hero 9 Angkasa'), 'Flags': ['read', 'write']}, 'org.freedesktop.DBus.Properties': {}}, '/org/bluez/hci0/dev_EB_95_65_61_51_80/service0012': {'org.freedesktop.DBus.Introspectable': {}, 'org.bluez.GattService1': {'UUID': '0000180a-0000-1000-8000-00805f9b34fb', 'Device': '/org/bluez/hci0/dev_EB_95_65_61_51_80', 'Primary': True, 'Includes': []}, 'org.freedesktop.DBus.Properties': {}}, '/org/bluez/hci0/dev_EB_95_65_61_51_80/service0012/char0023': {'org.freedesktop.DBus.Introspectable': {}, 'org.bluez.GattCharacteristic1': {'UUID': '00002a50-0000-1000-8000-00805f9b34fb', 'Service': '/org/bluez/hci0/dev_EB_95_65_61_51_80/service0012', 'Value': bytearray(b''), 'Flags': ['read']}, 'org.freedesktop.DBus.Properties': {}}, '/org/bluez/hci0/dev_EB_95_65_61_51_80/service0012/char0021': {'org.freedesktop.DBus.Introspectable': {}, 'org.bluez.GattCharacteristic1': {'UUID': '00002a2a-0000-1000-8000-00805f9b34fb', 'Service': '/org/bluez/hci0/dev_EB_95_65_61_51_80/service0012', 'Value': bytearray(b''), 'Flags': ['read']}, 'org.freedesktop.DBus.Properties': {}}, '/org/bluez/hci0/dev_EB_95_65_61_51_80/service0012/char001f': {'org.freedesktop.DBus.Introspectable': {}, 'org.bluez.GattCharacteristic1': {'UUID': '00002a23-0000-1000-8000-00805f9b34fb', 'Service': '/org/bluez/hci0/dev_EB_95_65_61_51_80/service0012', 'Value': bytearray(b''), 'Flags': ['read']}, 'org.freedesktop.DBus.Properties': {}}, '/org/bluez/hci0/dev_EB_95_65_61_51_80/service0012/char001d': {'org.freedesktop.DBus.Introspectable': {}, 'org.bluez.GattCharacteristic1': {'UUID': '00002a28-0000-1000-8000-00805f9b34fb', 'Service': '/org/bluez/hci0/dev_EB_95_65_61_51_80/service0012', 'Value': bytearray(b''), 'Flags': ['read']}, 'org.freedesktop.DBus.Properties': {}}, '/org/bluez/hci0/dev_EB_95_65_61_51_80/service0012/char001b': {'org.freedesktop.DBus.Introspectable': {}, 'org.bluez.GattCharacteristic1': {'UUID': '00002a26-0000-1000-8000-00805f9b34fb', 'Service': '/org/bluez/hci0/dev_EB_95_65_61_51_80/service0012', 'Value': bytearray(b''), 'Flags': ['read']}, 'org.freedesktop.DBus.Properties': {}}, '/org/bluez/hci0/dev_EB_95_65_61_51_80/service0012/char0019': {'org.freedesktop.DBus.Introspectable': {}, 'org.bluez.GattCharacteristic1': {'UUID': '00002a27-0000-1000-8000-00805f9b34fb', 'Service': '/org/bluez/hci0/dev_EB_95_65_61_51_80/service0012', 'Value': bytearray(b''), 'Flags': ['read']}, 'org.freedesktop.DBus.Properties': {}}, '/org/bluez/hci0/dev_EB_95_65_61_51_80/service0012/char0017': {'org.freedesktop.DBus.Introspectable': {}, 'org.bluez.GattCharacteristic1': {'UUID': '00002a25-0000-1000-8000-00805f9b34fb', 'Service': '/org/bluez/hci0/dev_EB_95_65_61_51_80/service0012', 'Value': bytearray(b''), 'Flags': ['read']}, 'org.freedesktop.DBus.Properties': {}}, '/org/bluez/hci0/dev_EB_95_65_61_51_80/service0012/char0015': {'org.freedesktop.DBus.Introspectable': {}, 'org.bluez.GattCharacteristic1': {'UUID': '00002a24-0000-1000-8000-00805f9b34fb', 'Service': '/org/bluez/hci0/dev_EB_95_65_61_51_80/service0012', 'Value': bytearray(b''), 'Flags': ['read']}, 'org.freedesktop.DBus.Properties': {}}, '/org/bluez/hci0/dev_EB_95_65_61_51_80/service0012/char0013': {'org.freedesktop.DBus.Introspectable': {}, 'org.bluez.GattCharacteristic1': {'UUID': '00002a29-0000-1000-8000-00805f9b34fb', 'Service': '/org/bluez/hci0/dev_EB_95_65_61_51_80/service0012', 'Value': bytearray(b''), 'Flags': ['read']}, 'org.freedesktop.DBus.Properties': {}}, '/org/bluez/hci0/dev_EB_95_65_61_51_80/service000e': {'org.freedesktop.DBus.Introspectable': {}, 'org.bluez.GattService1': {'UUID': '0000180f-0000-1000-8000-00805f9b34fb', 'Device': '/org/bluez/hci0/dev_EB_95_65_61_51_80', 'Primary': True, 'Includes': []}, 'org.freedesktop.DBus.Properties': {}}, '/org/bluez/hci0/dev_EB_95_65_61_51_80/service000e/char000f': {'org.freedesktop.DBus.Introspectable': {}, 'org.bluez.GattCharacteristic1': {'UUID': '00002a19-0000-1000-8000-00805f9b34fb', 'Service': '/org/bluez/hci0/dev_EB_95_65_61_51_80/service000e', 'Value': bytearray(b''), 'Notifying': True, 'Flags': ['read', 'notify'], 'NotifyAcquired': False}, 'org.freedesktop.DBus.Properties': {}}, '/org/bluez/hci0/dev_EB_95_65_61_51_80/service000e/char000f/desc0011': {'org.freedesktop.DBus.Introspectable': {}, 'org.bluez.GattDescriptor1': {'UUID': '00002902-0000-1000-8000-00805f9b34fb', 'Characteristic': '/org/bluez/hci0/dev_EB_95_65_61_51_80/service000e/char000f', 'Value': bytearray(b'\x01\x00')}, 'org.freedesktop.DBus.Properties': {}}, '/org/bluez/hci0/dev_EB_95_65_61_51_80/service000b': {'org.freedesktop.DBus.Introspectable': {}, 'org.bluez.GattService1': {'UUID': '00001804-0000-1000-8000-00805f9b34fb', 'Device': '/org/bluez/hci0/dev_EB_95_65_61_51_80', 'Primary': True, 'Includes': []}, 'org.freedesktop.DBus.Properties': {}}, '/org/bluez/hci0/dev_EB_95_65_61_51_80/service000b/char000c': {'org.freedesktop.DBus.Introspectable': {}, 'org.bluez.GattCharacteristic1': {'UUID': '00002a07-0000-1000-8000-00805f9b34fb', 'Service': '/org/bluez/hci0/dev_EB_95_65_61_51_80/service000b', 'Value': bytearray(b''), 'Flags': ['read']}, 'org.freedesktop.DBus.Properties': {}}, '/org/bluez/hci0/dev_EB_95_65_61_51_80/service0001': {'org.freedesktop.DBus.Introspectable': {}, 'org.bluez.GattService1': {'UUID': '00001801-0000-1000-8000-00805f9b34fb', 'Device': '/org/bluez/hci0/dev_EB_95_65_61_51_80', 'Primary': True, 'Includes': []}, 'org.freedesktop.DBus.Properties': {}}}
   MainThread:14:41:13.188 manager.py                                860 DEBUG    | received D-Bus signal: org.freedesktop.DBus.Properties.PropertiesChanged (/org/bluez/hci0): ['org.bluez.Adapter1', {'Discovering': <dbus_fast.signature.Variant ('b', True)>}, []]
   MainThread:14:41:13.465 manager.py                                860 DEBUG    | received D-Bus signal: org.freedesktop.DBus.Properties.PropertiesChanged (/org/bluez/hci0/dev_EB_95_65_61_51_80): ['org.bluez.Device1', {'RSSI': <dbus_fast.signature.Variant ('n', -44)>}, []]
   MainThread:14:41:13.465 bleak_wrapper.py                          133 INFO     | 	Discovered: EB:95:65:61:51:80: GoPro 1630
   MainThread:14:41:13.469 manager.py                                860 DEBUG    | received D-Bus signal: org.freedesktop.DBus.Properties.PropertiesChanged (/org/bluez/hci0/dev_EB_95_65_61_51_80): ['org.bluez.Device1', {}, ['RSSI']]
   MainThread:14:41:13.470 manager.py                                860 DEBUG    | received D-Bus signal: org.freedesktop.DBus.Properties.PropertiesChanged (/org/bluez/hci0): ['org.bluez.Adapter1', {'Discovering': <dbus_fast.signature.Variant ('b', False)>}, []]
   MainThread:14:41:13.470 bleak_wrapper.py                          146 INFO     | Found 1 matching devices.
   MainThread:14:41:13.472 client.py                                 106 INFO     | Establishing the BLE connection
   MainThread:14:41:13.473 bleak_wrapper.py                          213 INFO     | Establishing BLE connection to EB:95:65:61:51:80: GoPro 1630...
   MainThread:14:41:13.474 client.py                                 116 DEBUG    | Connecting to device @ EB:95:65:61:51:80
   MainThread:14:41:13.478 client.py                                 206 DEBUG    | Connecting to BlueZ path /org/bluez/hci0/dev_EB_95_65_61_51_80
   MainThread:14:41:13.905 manager.py                                860 DEBUG    | received D-Bus signal: org.freedesktop.DBus.Properties.PropertiesChanged (/org/bluez/hci0/dev_EB_95_65_61_51_80): ['org.bluez.Device1', {'Connected': <dbus_fast.signature.Variant ('b', True)>}, []]
   MainThread:14:41:17.147 manager.py                                860 DEBUG    | received D-Bus signal: org.freedesktop.DBus.Properties.PropertiesChanged (/org/bluez/hci0/dev_EB_95_65_61_51_80/service000e/char000f): ['org.bluez.GattCharacteristic1', {'Value': <dbus_fast.signature.Variant ('ay', bytearray(b'\x00'))>}, []]
   MainThread:14:41:17.975 manager.py                                860 DEBUG    | received D-Bus signal: org.freedesktop.DBus.ObjectManager.InterfacesAdded (/): ['/org/bluez/hci0/dev_EB_95_65_61_51_80', {'org.bluez.Battery1': {}}]
   MainThread:14:41:18.684 manager.py                                860 DEBUG    | received D-Bus signal: org.freedesktop.DBus.Properties.PropertiesChanged (/org/bluez/hci0/dev_EB_95_65_61_51_80): ['org.bluez.Device1', {'ServicesResolved': <dbus_fast.signature.Variant ('b', True)>}, []]
   MainThread:14:41:18.685 bleak_wrapper.py                          257 DEBUG    | Attempting to pair...
   MainThread:14:41:18.687 bleak_wrapper.py                          262 INFO     | Pairing with bluetoothctl
   MainThread:14:41:18.813 bleak_wrapper.py                          292 DEBUG    | [?2004hWaiting to connect to bluetoothd...[22P[0;94m[bluetooth][0m# [K[0;94m[GoPro 1630][0m# [KAgent registered
[0;94m[GoPro 1630][0m# version
version
[?2004lVersion 5.66
[?2004h[0;94m[GoPro 1630][0m# devices Paired
devices Paired
[?2004lDevice EB:95:65:61:51:80 GoPro 1630
[?2004h[0;94m[GoPro 1630][0m# [K
   MainThread:14:41:18.814 bleak_wrapper.py                          300 DEBUG    | Pairing complete!
   MainThread:14:41:18.914 bleak_wrapper.py                          358 INFO     | Discovering characteristics...
   MainThread:14:41:18.916 bleak_wrapper.py                          366 DEBUG    | [Service] Tx Power Service
   MainThread:14:41:18.916 bleak_wrapper.py                          398 DEBUG    | 	[Characteristic] Tx Power Level @ handle 12: READ
   MainThread:14:41:18.917 bleak_wrapper.py                          366 DEBUG    | [Service] Battery Service
   MainThread:14:41:18.917 manager.py                                860 DEBUG    | received D-Bus signal: org.freedesktop.DBus.ObjectManager.InterfacesAdded (/): ['/org/bluez/agent', {'org.freedesktop.DBus.Introspectable': {}, 'org.bluez.Agent1': {}}]
   MainThread:14:41:19.145 manager.py                                860 DEBUG    | received D-Bus signal: org.freedesktop.DBus.Properties.PropertiesChanged (/org/bluez/hci0/dev_EB_95_65_61_51_80/service000e/char000f/desc0011): ['org.bluez.GattDescriptor1', {'Value': <dbus_fast.signature.Variant ('ay', bytearray(b'\x01\x00'))>}, []]
   MainThread:14:41:19.146 client.py                                 814 DEBUG    | Read Descriptor 17 | /org/bluez/hci0/dev_EB_95_65_61_51_80/service000e/char000f/desc0011: bytearray(b'\x01\x00')
   MainThread:14:41:19.146 bleak_wrapper.py                          398 DEBUG    | 	[Characteristic] Battery Level @ handle 15: READ|NOTIFY
   MainThread:14:41:19.146 bleak_wrapper.py                          366 DEBUG    | [Service] Device Information Service
   MainThread:14:41:19.147 bleak_wrapper.py                          398 DEBUG    | 	[Characteristic] Certification Data @ handle 33: READ
   MainThread:14:41:19.147 bleak_wrapper.py                          398 DEBUG    | 	[Characteristic] Model Number @ handle 21: READ
   MainThread:14:41:19.147 bleak_wrapper.py                          398 DEBUG    | 	[Characteristic] Software Revision @ handle 29: READ
   MainThread:14:41:19.147 bleak_wrapper.py                          398 DEBUG    | 	[Characteristic] Hardware Revision @ handle 25: READ
   MainThread:14:41:19.147 bleak_wrapper.py                          398 DEBUG    | 	[Characteristic] Serial Number @ handle 23: READ
   MainThread:14:41:19.147 bleak_wrapper.py                          398 DEBUG    | 	[Characteristic] System ID @ handle 31: READ
   MainThread:14:41:19.147 bleak_wrapper.py                          398 DEBUG    | 	[Characteristic] PNP ID @ handle 35: READ
   MainThread:14:41:19.147 bleak_wrapper.py                          398 DEBUG    | 	[Characteristic] Firmware Revision @ handle 27: READ
   MainThread:14:41:19.147 bleak_wrapper.py                          398 DEBUG    | 	[Characteristic] Manufacturer Name @ handle 19: READ
   MainThread:14:41:19.147 bleak_wrapper.py                          366 DEBUG    | [Service] Generic Attribute Service
   MainThread:14:41:19.147 bleak_wrapper.py                          366 DEBUG    | [Service] Wifi Access Point Service
   MainThread:14:41:19.147 bleak_wrapper.py                          398 DEBUG    | 	[Characteristic] Wifi AP Password @ handle 40: READ|WRITE_YES_RSP
   MainThread:14:41:19.243 manager.py                                860 DEBUG    | received D-Bus signal: org.freedesktop.DBus.Properties.PropertiesChanged (/org/bluez/hci0/dev_EB_95_65_61_51_80/service0025/char002c/desc002e): ['org.bluez.GattDescriptor1', {'Value': <dbus_fast.signature.Variant ('ay', bytearray(b'\x00\x00'))>}, []]
   MainThread:14:41:19.243 client.py                                 814 DEBUG    | Read Descriptor 46 | /org/bluez/hci0/dev_EB_95_65_61_51_80/service0025/char002c/desc002e: bytearray(b'\x00\x00')
   MainThread:14:41:19.243 bleak_wrapper.py                          398 DEBUG    | 	[Characteristic] Wifi State @ handle 44: READ|INDICATE
   MainThread:14:41:19.243 bleak_wrapper.py                          398 DEBUG    | 	[Characteristic] Wifi Power @ handle 42: WRITE_YES_RSP
   MainThread:14:41:19.243 bleak_wrapper.py                          398 DEBUG    | 	[Characteristic] Wifi AP SSID @ handle 38: READ|WRITE_YES_RSP
   MainThread:14:41:19.243 bleak_wrapper.py                          398 DEBUG    | 	[Characteristic] CSI Password @ handle 47: READ
   MainThread:14:41:19.243 bleak_wrapper.py                          366 DEBUG    | [Service] Control and Query Service
   MainThread:14:41:19.438 manager.py                                860 DEBUG    | received D-Bus signal: org.freedesktop.DBus.Properties.PropertiesChanged (/org/bluez/hci0/dev_EB_95_65_61_51_80/service0031/char003e/desc0040): ['org.bluez.GattDescriptor1', {'Value': <dbus_fast.signature.Variant ('ay', bytearray(b'\x01\x00'))>}, []]
   MainThread:14:41:19.438 client.py                                 814 DEBUG    | Read Descriptor 64 | /org/bluez/hci0/dev_EB_95_65_61_51_80/service0031/char003e/desc0040: bytearray(b'\x01\x00')
   MainThread:14:41:19.438 bleak_wrapper.py                          398 DEBUG    | 	[Characteristic] Query Response @ handle 62: NOTIFY
   MainThread:14:41:19.681 manager.py                                860 DEBUG    | received D-Bus signal: org.freedesktop.DBus.Properties.PropertiesChanged (/org/bluez/hci0/dev_EB_95_65_61_51_80/service0031/char0039/desc003b): ['org.bluez.GattDescriptor1', {'Value': <dbus_fast.signature.Variant ('ay', bytearray(b'\x01\x00'))>}, []]
   MainThread:14:41:19.682 client.py                                 814 DEBUG    | Read Descriptor 59 | /org/bluez/hci0/dev_EB_95_65_61_51_80/service0031/char0039/desc003b: bytearray(b'\x01\x00')
   MainThread:14:41:19.682 bleak_wrapper.py                          398 DEBUG    | 	[Characteristic] Settings Response @ handle 57: NOTIFY
   MainThread:14:41:19.682 bleak_wrapper.py                          398 DEBUG    | 	[Characteristic] Sensor @ handle 65: WRITE_YES_RSP
   MainThread:14:41:19.682 bleak_wrapper.py                          398 DEBUG    | 	[Characteristic] Query @ handle 60: WRITE_YES_RSP
   MainThread:14:41:19.828 manager.py                                860 DEBUG    | received D-Bus signal: org.freedesktop.DBus.Properties.PropertiesChanged (/org/bluez/hci0/dev_EB_95_65_61_51_80/service0031/char0043/desc0045): ['org.bluez.GattDescriptor1', {'Value': <dbus_fast.signature.Variant ('ay', bytearray(b'\x01\x00'))>}, []]
   MainThread:14:41:19.828 client.py                                 814 DEBUG    | Read Descriptor 69 | /org/bluez/hci0/dev_EB_95_65_61_51_80/service0031/char0043/desc0045: bytearray(b'\x01\x00')
   MainThread:14:41:19.828 bleak_wrapper.py                          398 DEBUG    | 	[Characteristic] Sensor Response @ handle 67: NOTIFY
   MainThread:14:41:19.828 bleak_wrapper.py                          398 DEBUG    | 	[Characteristic] Command @ handle 50: WRITE_YES_RSP
   MainThread:14:41:19.828 bleak_wrapper.py                          398 DEBUG    | 	[Characteristic] Settings @ handle 55: WRITE_YES_RSP
   MainThread:14:41:19.925 manager.py                                860 DEBUG    | received D-Bus signal: org.freedesktop.DBus.Properties.PropertiesChanged (/org/bluez/hci0/dev_EB_95_65_61_51_80/service0031/char0034/desc0036): ['org.bluez.GattDescriptor1', {'Value': <dbus_fast.signature.Variant ('ay', bytearray(b'\x01\x00'))>}, []]
   MainThread:14:41:19.925 client.py                                 814 DEBUG    | Read Descriptor 54 | /org/bluez/hci0/dev_EB_95_65_61_51_80/service0031/char0034/desc0036: bytearray(b'\x01\x00')
   MainThread:14:41:19.926 bleak_wrapper.py                          398 DEBUG    | 	[Characteristic] Command Response @ handle 52: NOTIFY
   MainThread:14:41:19.926 bleak_wrapper.py                          366 DEBUG    | [Service] Camera Management Service
   MainThread:14:41:20.169 manager.py                                860 DEBUG    | received D-Bus signal: org.freedesktop.DBus.Properties.PropertiesChanged (/org/bluez/hci0/dev_EB_95_65_61_51_80/service0046/char0049/desc004b): ['org.bluez.GattDescriptor1', {'Value': <dbus_fast.signature.Variant ('ay', bytearray(b'\x01\x00'))>}, []]
   MainThread:14:41:20.170 client.py                                 814 DEBUG    | Read Descriptor 75 | /org/bluez/hci0/dev_EB_95_65_61_51_80/service0046/char0049/desc004b: bytearray(b'\x01\x00')
   MainThread:14:41:20.170 bleak_wrapper.py                          398 DEBUG    | 	[Characteristic] Camera Management Response @ handle 73: NOTIFY
   MainThread:14:41:20.170 bleak_wrapper.py                          398 DEBUG    | 	[Characteristic] Camera Management @ handle 71: WRITE_YES_RSP
   MainThread:14:41:20.170 bleak_wrapper.py                          366 DEBUG    | [Service] Unknown Service
   MainThread:14:41:20.510 manager.py                                860 DEBUG    | received D-Bus signal: org.freedesktop.DBus.Properties.PropertiesChanged (/org/bluez/hci0/dev_EB_95_65_61_51_80/service004c/char004d/desc004f): ['org.bluez.GattDescriptor1', {'Value': <dbus_fast.signature.Variant ('ay', bytearray(b'\x01\x00'))>}, []]
   MainThread:14:41:20.511 client.py                                 814 DEBUG    | Read Descriptor 79 | /org/bluez/hci0/dev_EB_95_65_61_51_80/service004c/char004d/desc004f: bytearray(b'\x01\x00')
   MainThread:14:41:20.511 bleak_wrapper.py                          398 DEBUG    | 	[Characteristic] Internal 81 @ handle 77: NOTIFY
   MainThread:14:41:20.803 manager.py                                860 DEBUG    | received D-Bus signal: org.freedesktop.DBus.Properties.PropertiesChanged (/org/bluez/hci0/dev_EB_95_65_61_51_80/service004c/char0055/desc0057): ['org.bluez.GattDescriptor1', {'Value': <dbus_fast.signature.Variant ('ay', bytearray(b'\x01\x00'))>}, []]
   MainThread:14:41:20.803 client.py                                 814 DEBUG    | Read Descriptor 87 | /org/bluez/hci0/dev_EB_95_65_61_51_80/service004c/char0055/desc0057: bytearray(b'\x01\x00')
   MainThread:14:41:20.803 bleak_wrapper.py                          398 DEBUG    | 	[Characteristic] Internal 84 @ handle 85: NOTIFY
   MainThread:14:41:21.046 manager.py                                860 DEBUG    | received D-Bus signal: org.freedesktop.DBus.Properties.PropertiesChanged (/org/bluez/hci0/dev_EB_95_65_61_51_80/service004c/char0052/desc0054): ['org.bluez.GattDescriptor1', {'Value': <dbus_fast.signature.Variant ('ay', bytearray(b'\x01\x00'))>}, []]
   MainThread:14:41:21.047 client.py                                 814 DEBUG    | Read Descriptor 84 | /org/bluez/hci0/dev_EB_95_65_61_51_80/service004c/char0052/desc0054: bytearray(b'\x01\x00')
   MainThread:14:41:21.047 bleak_wrapper.py                          398 DEBUG    | 	[Characteristic] Internal 83 @ handle 82: NOTIFY
   MainThread:14:41:21.047 bleak_wrapper.py                          398 DEBUG    | 	[Characteristic] Internal 82 @ handle 80: WRITE_YES_RSP
   MainThread:14:41:21.047 bleak_wrapper.py                          403 INFO     | Done discovering characteristics!
   MainThread:14:41:21.049 bleak_wrapper.py                          321 INFO     | Enabling notifications...
   MainThread:14:41:21.050 bleak_wrapper.py                          325 DEBUG    | Enabling notification on char 00002a19-0000-1000-8000-00805f9b34fb
   MainThread:14:41:21.051 bleak_wrapper.py                          325 DEBUG    | Enabling notification on char b5f90077-aa8d-11e3-9046-0002a5d5c51b
   MainThread:14:41:21.051 bleak_wrapper.py                          325 DEBUG    | Enabling notification on char b5f90075-aa8d-11e3-9046-0002a5d5c51b
   MainThread:14:41:21.052 bleak_wrapper.py                          325 DEBUG    | Enabling notification on char b5f90079-aa8d-11e3-9046-0002a5d5c51b
   MainThread:14:41:21.052 bleak_wrapper.py                          325 DEBUG    | Enabling notification on char b5f90073-aa8d-11e3-9046-0002a5d5c51b
   MainThread:14:41:21.053 bleak_wrapper.py                          325 DEBUG    | Enabling notification on char b5f90092-aa8d-11e3-9046-0002a5d5c51b
   MainThread:14:41:21.053 bleak_wrapper.py                          325 DEBUG    | Enabling notification on char b5f90081-aa8d-11e3-9046-0002a5d5c51b
   MainThread:14:41:21.053 bleak_wrapper.py                          325 DEBUG    | Enabling notification on char b5f90084-aa8d-11e3-9046-0002a5d5c51b
   MainThread:14:41:21.054 bleak_wrapper.py                          325 DEBUG    | Enabling notification on char b5f90083-aa8d-11e3-9046-0002a5d5c51b
   MainThread:14:41:21.054 bleak_wrapper.py                          327 INFO     | Done enabling notifications
   MainThread:14:41:21.056 gopro_wireless.py                         716 INFO     | 
<<<<<<<<--------------
    "id" : "QueryCmdId.REG_STATUS_VAL_UPDATE",
    "status_id" : "StatusId.ENCODING",
    "protocol" : "Protocol.BLE",
    "uuid" : "Query",
<<<<<<<<--------------

   MainThread:14:41:21.060 gopro_wireless.py                         720 DEBUG    | Writing to [Query] UUID: 20:02:53:0a
   MainThread:14:41:21.060 bleak_wrapper.py                          100 DEBUG    | Writing to Query: b5f90076aa8d11e390460002a5d5c51b
   MainThread:14:41:21.583 client.py                                 884 DEBUG    | Write Characteristic b5f90076-aa8d-11e3-9046-0002a5d5c51b | /org/bluez/hci0/dev_EB_95_65_61_51_80/service0031/char003c: bytearray(b' \x02S\n')
   MainThread:14:41:21.583 manager.py                                860 DEBUG    | received D-Bus signal: org.freedesktop.DBus.Properties.PropertiesChanged (/org/bluez/hci0/dev_EB_95_65_61_51_80/service0031/char003e): ['org.bluez.GattCharacteristic1', {'Value': <dbus_fast.signature.Variant ('ay', bytearray(b'\x05S\x00\n\x01\x00'))>}, []]
   MainThread:14:41:21.584 gopro_wireless.py                         674 DEBUG    | Received response on BleUUID [Query Response]: 05:53:00:0a:01:00
   MainThread:14:41:21.584 gopro_wireless.py                         649 INFO     | 
-------------->>>>>>>>
    "id" : "QueryCmdId.REG_STATUS_VAL_UPDATE",
    "status" : "ErrorCode.SUCCESS",
    "protocol" : "Protocol.BLE",
    "data" : {
        "StatusId.ENCODING" : "False",
    },
-------------->>>>>>>>

   MainThread:14:41:21.588 manager.py                                860 DEBUG    | received D-Bus signal: org.freedesktop.DBus.Properties.PropertiesChanged (/org/bluez/hci0/dev_EB_95_65_61_51_80/service0031/char003e): ['org.bluez.GattCharacteristic1', {'Value': <dbus_fast.signature.Variant ('ay', bytearray(b'\x05S\x00\n\x01\x00'))>}, []]
   MainThread:14:41:21.588 gopro_wireless.py                         716 INFO     | 
<<<<<<<<--------------
    "id" : "QueryCmdId.REG_STATUS_VAL_UPDATE",
    "status_id" : "StatusId.SYSTEM_BUSY",
    "protocol" : "Protocol.BLE",
    "uuid" : "Query",
<<<<<<<<--------------

   MainThread:14:41:21.591 gopro_wireless.py                         720 DEBUG    | Writing to [Query] UUID: 20:02:53:08
   MainThread:14:41:21.591 bleak_wrapper.py                          100 DEBUG    | Writing to Query: b5f90076aa8d11e390460002a5d5c51b
   MainThread:14:41:21.591 gopro_wireless.py                         674 DEBUG    | Received response on BleUUID [Query Response]: 05:53:00:0a:01:00
   MainThread:14:41:21.591 gopro_wireless.py                         649 INFO     | 
-------------->>>>>>>>
    "id" : "QueryCmdId.REG_STATUS_VAL_UPDATE",
    "status" : "ErrorCode.SUCCESS",
    "protocol" : "Protocol.BLE",
    "data" : {
        "StatusId.ENCODING" : "False",
    },
-------------->>>>>>>>

   MainThread:14:41:21.729 client.py                                 884 DEBUG    | Write Characteristic b5f90076-aa8d-11e3-9046-0002a5d5c51b | /org/bluez/hci0/dev_EB_95_65_61_51_80/service0031/char003c: bytearray(b' \x02S\x08')
   MainThread:14:41:21.729 gopro_wireless.py                         591 INFO     | BLE is ready!
   MainThread:14:41:21.747 gopro_wireless.py                         716 INFO     | 
<<<<<<<<--------------
    "id" : "CmdId.SET_DATE_TIME_DST",
    "protocol" : "Protocol.BLE",
    "uuid" : "Command",
    "date_time" : "2024-07-03 14:41:21.747048+01:00",
    "tz_offset" : "60",
    "is_dst" : "True",
<<<<<<<<--------------

   MainThread:14:41:21.750 gopro_wireless.py                         720 DEBUG    | Writing to [Command] UUID: 20:0c:0f:0a:07:e8:07:03:0e:29:15:00:3c:01
   MainThread:14:41:21.750 bleak_wrapper.py                          100 DEBUG    | Writing to Command: b5f90072aa8d11e390460002a5d5c51b
   MainThread:14:41:21.751 manager.py                                860 DEBUG    | received D-Bus signal: org.freedesktop.DBus.Properties.PropertiesChanged (/org/bluez/hci0/dev_EB_95_65_61_51_80/service0031/char003e): ['org.bluez.GattCharacteristic1', {'Value': <dbus_fast.signature.Variant ('ay', bytearray(b'\x05S\x00\x08\x01\x00'))>}, []]
   MainThread:14:41:21.751 manager.py                                860 DEBUG    | received D-Bus signal: org.freedesktop.DBus.Properties.PropertiesChanged (/org/bluez/hci0/dev_EB_95_65_61_51_80/service0031/char003e): ['org.bluez.GattCharacteristic1', {'Value': <dbus_fast.signature.Variant ('ay', bytearray(b'\x05S\x00\x08\x01\x00'))>}, []]
   MainThread:14:41:21.751 gopro_wireless.py                         674 DEBUG    | Received response on BleUUID [Query Response]: 05:53:00:08:01:00
   MainThread:14:41:21.751 gopro_wireless.py                         655 INFO     | 
----ASYNC----->>>>>>>>
    "id" : "QueryCmdId.REG_STATUS_VAL_UPDATE",
    "status" : "ErrorCode.SUCCESS",
    "protocol" : "Protocol.BLE",
    "data" : {
        "StatusId.SYSTEM_BUSY" : "False",
    },
----ASYNC----->>>>>>>>

   MainThread:14:41:21.754 gopro_wireless.py                         674 DEBUG    | Received response on BleUUID [Query Response]: 05:53:00:08:01:00
   MainThread:14:41:21.754 gopro_wireless.py                         655 INFO     | 
----ASYNC----->>>>>>>>
    "id" : "QueryCmdId.REG_STATUS_VAL_UPDATE",
    "status" : "ErrorCode.SUCCESS",
    "protocol" : "Protocol.BLE",
    "data" : {
        "StatusId.SYSTEM_BUSY" : "False",
    },
----ASYNC----->>>>>>>>

   MainThread:14:41:21.875 client.py                                 884 DEBUG    | Write Characteristic b5f90072-aa8d-11e3-9046-0002a5d5c51b | /org/bluez/hci0/dev_EB_95_65_61_51_80/service0031/char0032: bytearray(b' \x0c\x0f\n\x07\xe8\x07\x03\x0e)\x15\x00<\x01')
   MainThread:14:41:21.876 manager.py                                860 DEBUG    | received D-Bus signal: org.freedesktop.DBus.Properties.PropertiesChanged (/org/bluez/hci0/dev_EB_95_65_61_51_80/service0031/char0034): ['org.bluez.GattCharacteristic1', {'Value': <dbus_fast.signature.Variant ('ay', bytearray(b'\x02\x0f\x02'))>}, []]
   MainThread:14:41:21.876 gopro_wireless.py                         674 DEBUG    | Received response on BleUUID [Command Response]: 02:0f:02
   MainThread:14:41:21.876 gopro_wireless.py                         649 INFO     | 
-------------->>>>>>>>
    "id" : "CmdId.SET_DATE_TIME_DST",
    "status" : "ErrorCode.INVALID_PARAM",
    "protocol" : "Protocol.BLE",
-------------->>>>>>>>

   MainThread:14:41:21.878 manager.py                                860 DEBUG    | received D-Bus signal: org.freedesktop.DBus.Properties.PropertiesChanged (/org/bluez/hci0/dev_EB_95_65_61_51_80/service0031/char0034): ['org.bluez.GattCharacteristic1', {'Value': <dbus_fast.signature.Variant ('ay', bytearray(b'\x02\x0f\x02'))>}, []]
   MainThread:14:41:21.879 gopro_wireless.py                         674 DEBUG    | Received response on BleUUID [Command Response]: 02:0f:02
   MainThread:14:41:21.879 gopro_wireless.py                         655 INFO     | 
----ASYNC----->>>>>>>>
    "id" : "CmdId.SET_DATE_TIME_DST",
    "status" : "ErrorCode.INVALID_PARAM",
    "protocol" : "Protocol.BLE",
----ASYNC----->>>>>>>>

   MainThread:14:41:21.881 gopro_wireless.py                         732 WARNING  | Received non-success status: ErrorCode.INVALID_PARAM
   MainThread:14:41:21.882 gopro_wireless.py                         716 INFO     | 
<<<<<<<<--------------
    "id" : "CmdId.GET_THIRD_PARTY_API_VERSION",
    "protocol" : "Protocol.BLE",
    "uuid" : "Command",
<<<<<<<<--------------

   MainThread:14:41:21.884 gopro_wireless.py                         720 DEBUG    | Writing to [Command] UUID: 20:01:51
   MainThread:14:41:21.884 bleak_wrapper.py                          100 DEBUG    | Writing to Command: b5f90072aa8d11e390460002a5d5c51b
   MainThread:14:41:22.070 client.py                                 884 DEBUG    | Write Characteristic b5f90072-aa8d-11e3-9046-0002a5d5c51b | /org/bluez/hci0/dev_EB_95_65_61_51_80/service0031/char0032: bytearray(b' \x01Q')
   MainThread:14:41:22.071 manager.py                                860 DEBUG    | received D-Bus signal: org.freedesktop.DBus.Properties.PropertiesChanged (/org/bluez/hci0/dev_EB_95_65_61_51_80/service0031/char0034): ['org.bluez.GattCharacteristic1', {'Value': <dbus_fast.signature.Variant ('ay', bytearray(b'\x06Q\x00\x01\x02\x01\x00'))>}, []]
   MainThread:14:41:22.071 gopro_wireless.py                         674 DEBUG    | Received response on BleUUID [Command Response]: 06:51:00:01:02:01:00
   MainThread:14:41:22.072 gopro_wireless.py                         649 INFO     | 
-------------->>>>>>>>
    "id" : "CmdId.GET_THIRD_PARTY_API_VERSION",
    "status" : "ErrorCode.SUCCESS",
    "protocol" : "Protocol.BLE",
    "data" : "2.0",
-------------->>>>>>>>

   MainThread:14:41:22.074 manager.py                                860 DEBUG    | received D-Bus signal: org.freedesktop.DBus.Properties.PropertiesChanged (/org/bluez/hci0/dev_EB_95_65_61_51_80/service0031/char0034): ['org.bluez.GattCharacteristic1', {'Value': <dbus_fast.signature.Variant ('ay', bytearray(b'\x06Q\x00\x01\x02\x01\x00'))>}, []]
   MainThread:14:41:22.074 gopro_wireless.py                         304 INFO     | Using Open GoPro API version 2.0
   MainThread:14:41:22.076 gopro_wireless.py                         786 INFO     | Discovering Wifi AP info and enabling via BLE
   MainThread:14:41:22.077 bleak_wrapper.py                           87 DEBUG    | Reading from Wifi AP Password
   MainThread:14:41:22.077 gopro_wireless.py                         674 DEBUG    | Received response on BleUUID [Command Response]: 06:51:00:01:02:01:00
   MainThread:14:41:22.078 gopro_wireless.py                         655 INFO     | 
----ASYNC----->>>>>>>>
    "id" : "CmdId.GET_THIRD_PARTY_API_VERSION",
    "status" : "ErrorCode.SUCCESS",
    "protocol" : "Protocol.BLE",
    "data" : "2.0",
----ASYNC----->>>>>>>>

   MainThread:14:41:22.217 manager.py                                860 DEBUG    | received D-Bus signal: org.freedesktop.DBus.Properties.PropertiesChanged (/org/bluez/hci0/dev_EB_95_65_61_51_80/service0025/char0028): ['org.bluez.GattCharacteristic1', {'Value': <dbus_fast.signature.Variant ('ay', bytearray(b'NPc-hg6-S5S'))>}, []]
   MainThread:14:41:22.217 client.py                                 762 DEBUG    | Read Characteristic b5f90003-aa8d-11e3-9046-0002a5d5c51b | /org/bluez/hci0/dev_EB_95_65_61_51_80/service0025/char0028: bytearray(b'NPc-hg6-S5S')
   MainThread:14:41:22.217 bleak_wrapper.py                           89 DEBUG    | Received response on BleUUID [Wifi AP Password]: 4e:50:63:2d:68:67:36:2d:53:35:53
   MainThread:14:41:22.217 gopro_wireless.py                         742 DEBUG    | Reading from Wifi AP Password
   MainThread:14:41:22.217 bleak_wrapper.py                           87 DEBUG    | Reading from Wifi AP SSID
   MainThread:14:41:22.461 manager.py                                860 DEBUG    | received D-Bus signal: org.freedesktop.DBus.Properties.PropertiesChanged (/org/bluez/hci0/dev_EB_95_65_61_51_80/service0025/char0026): ['org.bluez.GattCharacteristic1', {'Value': <dbus_fast.signature.Variant ('ay', bytearray(b'GoPro Hero 9 Angkasa'))>}, []]
   MainThread:14:41:22.461 client.py                                 762 DEBUG    | Read Characteristic b5f90002-aa8d-11e3-9046-0002a5d5c51b | /org/bluez/hci0/dev_EB_95_65_61_51_80/service0025/char0026: bytearray(b'GoPro Hero 9 Angkasa')
   MainThread:14:41:22.461 bleak_wrapper.py                           89 DEBUG    | Received response on BleUUID [Wifi AP SSID]: 47:6f:50:72:6f:20:48:65:72:6f:20:39:20:41:6e:67:6b:61:73:61
   MainThread:14:41:22.461 gopro_wireless.py                         742 DEBUG    | Reading from Wifi AP SSID
   MainThread:14:41:22.462 gopro_wireless.py                         716 INFO     | 
<<<<<<<<--------------
    "id" : "CmdId.SET_WIFI",
    "protocol" : "Protocol.BLE",
    "uuid" : "Command",
    "enable" : "True",
<<<<<<<<--------------

   MainThread:14:41:22.465 gopro_wireless.py                         720 DEBUG    | Writing to [Command] UUID: 20:03:17:01:01
   MainThread:14:41:22.465 bleak_wrapper.py                          100 DEBUG    | Writing to Command: b5f90072aa8d11e390460002a5d5c51b
   MainThread:14:41:22.655 client.py                                 884 DEBUG    | Write Characteristic b5f90072-aa8d-11e3-9046-0002a5d5c51b | /org/bluez/hci0/dev_EB_95_65_61_51_80/service0031/char0032: bytearray(b' \x03\x17\x01\x01')
   MainThread:14:41:23.728 manager.py                                860 DEBUG    | received D-Bus signal: org.freedesktop.DBus.Properties.PropertiesChanged (/org/bluez/hci0/dev_EB_95_65_61_51_80/service0031/char0034): ['org.bluez.GattCharacteristic1', {'Value': <dbus_fast.signature.Variant ('ay', bytearray(b'\x02\x17\x00'))>}, []]
   MainThread:14:41:23.728 manager.py                                860 DEBUG    | received D-Bus signal: org.freedesktop.DBus.Properties.PropertiesChanged (/org/bluez/hci0/dev_EB_95_65_61_51_80/service0031/char0034): ['org.bluez.GattCharacteristic1', {'Value': <dbus_fast.signature.Variant ('ay', bytearray(b'\x02\x17\x00'))>}, []]
   MainThread:14:41:23.728 gopro_wireless.py                         674 DEBUG    | Received response on BleUUID [Command Response]: 02:17:00
   MainThread:14:41:23.729 gopro_wireless.py                         649 INFO     | 
-------------->>>>>>>>
    "id" : "CmdId.SET_WIFI",
    "status" : "ErrorCode.SUCCESS",
    "protocol" : "Protocol.BLE",
-------------->>>>>>>>

   MainThread:14:41:23.731 gopro_wireless.py                         674 DEBUG    | Received response on BleUUID [Command Response]: 02:17:00
   MainThread:14:41:23.732 gopro_wireless.py                         655 INFO     | 
----ASYNC----->>>>>>>>
    "id" : "CmdId.SET_WIFI",
    "status" : "ErrorCode.SUCCESS",
    "protocol" : "Protocol.BLE",
----ASYNC----->>>>>>>>

   MainThread:14:41:23.734 manager.py                                860 DEBUG    | received D-Bus signal: org.freedesktop.DBus.Properties.PropertiesChanged (/org/bluez/hci0/dev_EB_95_65_61_51_80/service0031/char003e): ['org.bluez.GattCharacteristic1', {'Value': <dbus_fast.signature.Variant ('ay', bytearray(b'\x08\x93\x00\x08\x01\x00\n\x01\x00'))>}, []]
   MainThread:14:41:23.734 manager.py                                860 DEBUG    | received D-Bus signal: org.freedesktop.DBus.Properties.PropertiesChanged (/org/bluez/hci0/dev_EB_95_65_61_51_80/service0031/char003e): ['org.bluez.GattCharacteristic1', {'Value': <dbus_fast.signature.Variant ('ay', bytearray(b'\x08\x93\x00\x08\x01\x00\n\x01\x00'))>}, []]
   MainThread:14:41:23.734 wireless.py                               483 INFO     | Scanning for GoPro Hero 9 Angkasa...
   MainThread:14:41:23.735 util.py                                   210 DEBUG    | Send cmd -->  nmcli device wifi rescan
   MainThread:14:41:23.802 util.py                                   216 DEBUG    | Receive response --> 
   MainThread:14:41:23.802 util.py                                   210 DEBUG    | Send cmd -->  nmcli -f SSID device wifi list
   MainThread:14:41:27.959 util.py                                   216 DEBUG    | Receive response --> SSID                   
GoPro Hero 9 Angkasa   
DIRECT-BHBMZIMAGESmsDF 
BMZimages              
BMZimages_plus         
--                     
fh_83d3a0_5G           

   MainThread:14:41:27.959 wireless.py                               502 INFO     | Connecting to GoPro Hero 9 Angkasa...
   MainThread:14:41:27.961 util.py                                   210 DEBUG    | Send cmd -->  nmcli dev wifi connect "GoPro Hero 9 Angkasa" password "NPc-hg6-S5S" ifname "wlan0"
   MainThread:14:41:34.546 util.py                                   216 DEBUG    | Receive response --> [2KDevice 'wlan0' successfully activated with 'ee0522fb-78d2-4f2a-82cf-2bb00d6295e3'.

   MainThread:14:41:34.552 connectionpool.py                         243 DEBUG    | Starting new HTTP connection (1): 10.5.5.9:8080
   MainThread:14:41:34.609 logger.py                                  71 DEBUG    | send: b'GET /gp/gpControl/status HTTP/1.1\r\nHost: 10.5.5.9:8080\r\nUser-Agent: python-requests/2.32.3\r\nAccept-Encoding: gzip, deflate\r\nAccept: */*\r\nConnection: keep-alive\r\n\r\n'
   MainThread:14:41:34.639 logger.py                                  71 DEBUG    | reply: 'HTTP/1.1 200 OK\r\n'
   MainThread:14:41:34.639 logger.py                                  71 DEBUG    | header: Content-Type: application/json
   MainThread:14:41:34.639 logger.py                                  71 DEBUG    | header: Content-Length: 1409
   MainThread:14:41:34.639 connectionpool.py                         546 DEBUG    | http://10.5.5.9:8080 "GET /gp/gpControl/status HTTP/11" 200 1409
   MainThread:14:47:28.986 connectionpool.py                         243 DEBUG    | Starting new HTTP connection (1): 10.5.5.9:8080
   MainThread:14:47:28.996 logger.py                                  71 DEBUG    | send: b'GET /gp/gpControl/setting/146/1 HTTP/1.1\r\nHost: 10.5.5.9:8080\r\nUser-Agent: python-requests/2.32.3\r\nAccept-Encoding: gzip, deflate\r\nAccept: */*\r\nConnection: keep-alive\r\n\r\n'
   MainThread:14:47:29.029 logger.py                                  71 DEBUG    | reply: 'HTTP/1.1 200 OK\r\n'
   MainThread:14:47:29.030 logger.py                                  71 DEBUG    | header: Content-Type: application/json
   MainThread:14:47:29.030 logger.py                                  71 DEBUG    | header: Content-Length: 3
   MainThread:14:47:29.030 connectionpool.py                         546 DEBUG    | http://10.5.5.9:8080 "GET /gp/gpControl/setting/146/1 HTTP/11" 200 3
   MainThread:14:47:29.032 connectionpool.py                         243 DEBUG    | Starting new HTTP connection (1): 10.5.5.9:8080
   MainThread:14:47:29.034 logger.py                                  71 DEBUG    | send: b'GET /gp/gpControl/setting/75/3 HTTP/1.1\r\nHost: 10.5.5.9:8080\r\nUser-Agent: python-requests/2.32.3\r\nAccept-Encoding: gzip, deflate\r\nAccept: */*\r\nConnection: keep-alive\r\n\r\n'
   MainThread:14:47:29.063 logger.py                                  71 DEBUG    | reply: 'HTTP/1.1 200 OK\r\n'
   MainThread:14:47:29.063 logger.py                                  71 DEBUG    | header: Content-Type: application/json
   MainThread:14:47:29.063 logger.py                                  71 DEBUG    | header: Content-Length: 3
   MainThread:14:47:29.063 connectionpool.py                         546 DEBUG    | http://10.5.5.9:8080 "GET /gp/gpControl/setting/75/3 HTTP/11" 200 3
   MainThread:14:47:29.065 connectionpool.py                         243 DEBUG    | Starting new HTTP connection (1): 10.5.5.9:8080
   MainThread:14:47:29.072 logger.py                                  71 DEBUG    | send: b'GET /gp/gpControl/setting/115/11 HTTP/1.1\r\nHost: 10.5.5.9:8080\r\nUser-Agent: python-requests/2.32.3\r\nAccept-Encoding: gzip, deflate\r\nAccept: */*\r\nConnection: keep-alive\r\n\r\n'
   MainThread:14:47:29.102 logger.py                                  71 DEBUG    | reply: 'HTTP/1.1 200 OK\r\n'
   MainThread:14:47:29.102 logger.py                                  71 DEBUG    | header: Content-Type: application/json
   MainThread:14:47:29.102 logger.py                                  71 DEBUG    | header: Content-Length: 3
   MainThread:14:47:29.102 connectionpool.py                         546 DEBUG    | http://10.5.5.9:8080 "GET /gp/gpControl/setting/115/11 HTTP/11" 200 3
   MainThread:14:47:29.104 connectionpool.py                         243 DEBUG    | Starting new HTTP connection (1): 10.5.5.9:8080
   MainThread:14:47:29.108 logger.py                                  71 DEBUG    | send: b'GET /gp/gpControl/setting/118/7 HTTP/1.1\r\nHost: 10.5.5.9:8080\r\nUser-Agent: python-requests/2.32.3\r\nAccept-Encoding: gzip, deflate\r\nAccept: */*\r\nConnection: keep-alive\r\n\r\n'
   MainThread:14:47:29.136 logger.py                                  71 DEBUG    | reply: 'HTTP/1.1 200 OK\r\n'
   MainThread:14:47:29.136 logger.py                                  71 DEBUG    | header: Content-Type: application/json
   MainThread:14:47:29.136 logger.py                                  71 DEBUG    | header: Content-Length: 3
   MainThread:14:47:29.137 connectionpool.py                         546 DEBUG    | http://10.5.5.9:8080 "GET /gp/gpControl/setting/118/7 HTTP/11" 200 3
   MainThread:14:47:59.407 connectionpool.py                         243 DEBUG    | Starting new HTTP connection (1): 10.5.5.9:8080
   MainThread:14:47:59.431 logger.py                                  71 DEBUG    | send: b'GET /gp/gpControl/setting/146/3 HTTP/1.1\r\nHost: 10.5.5.9:8080\r\nUser-Agent: python-requests/2.32.3\r\nAccept-Encoding: gzip, deflate\r\nAccept: */*\r\nConnection: keep-alive\r\n\r\n'
   MainThread:14:47:59.464 logger.py                                  71 DEBUG    | reply: 'HTTP/1.1 200 OK\r\n'
   MainThread:14:47:59.465 logger.py                                  71 DEBUG    | header: Content-Type: application/json
   MainThread:14:47:59.465 logger.py                                  71 DEBUG    | header: Content-Length: 3
   MainThread:14:47:59.465 connectionpool.py                         546 DEBUG    | http://10.5.5.9:8080 "GET /gp/gpControl/setting/146/3 HTTP/11" 200 3
   MainThread:14:47:59.466 connectionpool.py                         243 DEBUG    | Starting new HTTP connection (1): 10.5.5.9:8080
   MainThread:14:47:59.491 logger.py                                  71 DEBUG    | send: b'GET /gp/gpControl/setting/75/2 HTTP/1.1\r\nHost: 10.5.5.9:8080\r\nUser-Agent: python-requests/2.32.3\r\nAccept-Encoding: gzip, deflate\r\nAccept: */*\r\nConnection: keep-alive\r\n\r\n'
   MainThread:14:47:59.560 logger.py                                  71 DEBUG    | reply: 'HTTP/1.1 200 OK\r\n'
   MainThread:14:47:59.561 logger.py                                  71 DEBUG    | header: Content-Type: application/json
   MainThread:14:47:59.561 logger.py                                  71 DEBUG    | header: Content-Length: 3
   MainThread:14:47:59.561 connectionpool.py                         546 DEBUG    | http://10.5.5.9:8080 "GET /gp/gpControl/setting/75/2 HTTP/11" 200 3
   MainThread:14:47:59.562 connectionpool.py                         243 DEBUG    | Starting new HTTP connection (1): 10.5.5.9:8080
   MainThread:14:47:59.576 logger.py                                  71 DEBUG    | send: b'GET /gp/gpControl/setting/118/2 HTTP/1.1\r\nHost: 10.5.5.9:8080\r\nUser-Agent: python-requests/2.32.3\r\nAccept-Encoding: gzip, deflate\r\nAccept: */*\r\nConnection: keep-alive\r\n\r\n'
   MainThread:14:47:59.610 logger.py                                  71 DEBUG    | reply: 'HTTP/1.1 200 OK\r\n'
   MainThread:14:47:59.610 logger.py                                  71 DEBUG    | header: Content-Type: application/json
   MainThread:14:47:59.610 logger.py                                  71 DEBUG    | header: Content-Length: 3
   MainThread:14:47:59.610 connectionpool.py                         546 DEBUG    | http://10.5.5.9:8080 "GET /gp/gpControl/setting/118/2 HTTP/11" 200 3
   MainThread:14:51:09.451 connectionpool.py                         243 DEBUG    | Starting new HTTP connection (1): 10.5.5.9:8080
   MainThread:14:51:09.462 logger.py                                  71 DEBUG    | send: b'GET /gp/gpControl/setting/115/7 HTTP/1.1\r\nHost: 10.5.5.9:8080\r\nUser-Agent: python-requests/2.32.3\r\nAccept-Encoding: gzip, deflate\r\nAccept: */*\r\nConnection: keep-alive\r\n\r\n'
   MainThread:14:51:09.501 logger.py                                  71 DEBUG    | reply: 'HTTP/1.1 200 OK\r\n'
   MainThread:14:51:09.502 logger.py                                  71 DEBUG    | header: Content-Type: application/json
   MainThread:14:51:09.502 logger.py                                  71 DEBUG    | header: Content-Length: 3
   MainThread:14:51:09.502 connectionpool.py                         546 DEBUG    | http://10.5.5.9:8080 "GET /gp/gpControl/setting/115/7 HTTP/11" 200 3
   MainThread:14:51:09.503 connectionpool.py                         243 DEBUG    | Starting new HTTP connection (1): 10.5.5.9:8080
   MainThread:14:51:09.533 logger.py                                  71 DEBUG    | send: b'GET /gp/gpControl/setting/118/6 HTTP/1.1\r\nHost: 10.5.5.9:8080\r\nUser-Agent: python-requests/2.32.3\r\nAccept-Encoding: gzip, deflate\r\nAccept: */*\r\nConnection: keep-alive\r\n\r\n'
   MainThread:14:51:09.559 logger.py                                  71 DEBUG    | reply: 'HTTP/1.1 200 OK\r\n'
   MainThread:14:51:09.559 logger.py                                  71 DEBUG    | header: Content-Type: application/json
   MainThread:14:51:09.559 logger.py                                  71 DEBUG    | header: Content-Length: 3
   MainThread:14:51:09.559 connectionpool.py                         546 DEBUG    | http://10.5.5.9:8080 "GET /gp/gpControl/setting/118/6 HTTP/11" 200 3
   MainThread:14:52:20.933 connectionpool.py                         243 DEBUG    | Starting new HTTP connection (1): 10.5.5.9:8080
   MainThread:14:52:20.942 logger.py                                  71 DEBUG    | send: b'GET /gp/gpControl/setting/146/1 HTTP/1.1\r\nHost: 10.5.5.9:8080\r\nUser-Agent: python-requests/2.32.3\r\nAccept-Encoding: gzip, deflate\r\nAccept: */*\r\nConnection: keep-alive\r\n\r\n'
   MainThread:14:52:20.975 logger.py                                  71 DEBUG    | reply: 'HTTP/1.1 200 OK\r\n'
   MainThread:14:52:20.975 logger.py                                  71 DEBUG    | header: Content-Type: application/json
   MainThread:14:52:20.975 logger.py                                  71 DEBUG    | header: Content-Length: 3
   MainThread:14:52:20.976 connectionpool.py                         546 DEBUG    | http://10.5.5.9:8080 "GET /gp/gpControl/setting/146/1 HTTP/11" 200 3
   MainThread:14:52:20.978 connectionpool.py                         243 DEBUG    | Starting new HTTP connection (1): 10.5.5.9:8080
   MainThread:14:52:20.996 logger.py                                  71 DEBUG    | send: b'GET /gp/gpControl/setting/115/9 HTTP/1.1\r\nHost: 10.5.5.9:8080\r\nUser-Agent: python-requests/2.32.3\r\nAccept-Encoding: gzip, deflate\r\nAccept: */*\r\nConnection: keep-alive\r\n\r\n'
   MainThread:14:52:21.040 logger.py                                  71 DEBUG    | reply: 'HTTP/1.1 200 OK\r\n'
   MainThread:14:52:21.040 logger.py                                  71 DEBUG    | header: Content-Type: application/json
   MainThread:14:52:21.040 logger.py                                  71 DEBUG    | header: Content-Length: 3
   MainThread:14:52:21.041 connectionpool.py                         546 DEBUG    | http://10.5.5.9:8080 "GET /gp/gpControl/setting/115/9 HTTP/11" 200 3
   MainThread:14:52:21.042 connectionpool.py                         243 DEBUG    | Starting new HTTP connection (1): 10.5.5.9:8080
   MainThread:14:52:21.058 logger.py                                  71 DEBUG    | send: b'GET /gp/gpControl/setting/118/4 HTTP/1.1\r\nHost: 10.5.5.9:8080\r\nUser-Agent: python-requests/2.32.3\r\nAccept-Encoding: gzip, deflate\r\nAccept: */*\r\nConnection: keep-alive\r\n\r\n'
   MainThread:14:52:21.103 logger.py                                  71 DEBUG    | reply: 'HTTP/1.1 200 OK\r\n'
   MainThread:14:52:21.103 logger.py                                  71 DEBUG    | header: Content-Type: application/json
   MainThread:14:52:21.103 logger.py                                  71 DEBUG    | header: Content-Length: 3
   MainThread:14:52:21.104 connectionpool.py                         546 DEBUG    | http://10.5.5.9:8080 "GET /gp/gpControl/setting/118/4 HTTP/11" 200 3
   MainThread:14:53:35.580 connectionpool.py                         243 DEBUG    | Starting new HTTP connection (1): 10.5.5.9:8080
   MainThread:14:53:35.599 logger.py                                  71 DEBUG    | send: b'GET /gp/gpControl/setting/146/5 HTTP/1.1\r\nHost: 10.5.5.9:8080\r\nUser-Agent: python-requests/2.32.3\r\nAccept-Encoding: gzip, deflate\r\nAccept: */*\r\nConnection: keep-alive\r\n\r\n'
   MainThread:14:53:35.629 logger.py                                  71 DEBUG    | reply: 'HTTP/1.1 200 OK\r\n'
   MainThread:14:53:35.629 logger.py                                  71 DEBUG    | header: Content-Type: application/json
   MainThread:14:53:35.629 logger.py                                  71 DEBUG    | header: Content-Length: 3
   MainThread:14:53:35.629 connectionpool.py                         546 DEBUG    | http://10.5.5.9:8080 "GET /gp/gpControl/setting/146/5 HTTP/11" 200 3
   MainThread:14:53:35.631 connectionpool.py                         243 DEBUG    | Starting new HTTP connection (1): 10.5.5.9:8080
   MainThread:14:53:35.649 logger.py                                  71 DEBUG    | send: b'GET /gp/gpControl/setting/75/5 HTTP/1.1\r\nHost: 10.5.5.9:8080\r\nUser-Agent: python-requests/2.32.3\r\nAccept-Encoding: gzip, deflate\r\nAccept: */*\r\nConnection: keep-alive\r\n\r\n'
   MainThread:14:53:35.681 logger.py                                  71 DEBUG    | reply: 'HTTP/1.1 200 OK\r\n'
   MainThread:14:53:35.682 logger.py                                  71 DEBUG    | header: Content-Type: application/json
   MainThread:14:53:35.682 logger.py                                  71 DEBUG    | header: Content-Length: 3
   MainThread:14:53:35.682 connectionpool.py                         546 DEBUG    | http://10.5.5.9:8080 "GET /gp/gpControl/setting/75/5 HTTP/11" 200 3
   MainThread:14:53:35.683 connectionpool.py                         243 DEBUG    | Starting new HTTP connection (1): 10.5.5.9:8080
   MainThread:14:53:35.697 logger.py                                  71 DEBUG    | send: b'GET /gp/gpControl/setting/118/8 HTTP/1.1\r\nHost: 10.5.5.9:8080\r\nUser-Agent: python-requests/2.32.3\r\nAccept-Encoding: gzip, deflate\r\nAccept: */*\r\nConnection: keep-alive\r\n\r\n'
   MainThread:14:53:35.736 logger.py                                  71 DEBUG    | reply: 'HTTP/1.1 200 OK\r\n'
   MainThread:14:53:35.736 logger.py                                  71 DEBUG    | header: Content-Type: application/json
   MainThread:14:53:35.736 logger.py                                  71 DEBUG    | header: Content-Length: 3
   MainThread:14:53:35.737 connectionpool.py                         546 DEBUG    | http://10.5.5.9:8080 "GET /gp/gpControl/setting/118/8 HTTP/11" 200 3
   MainThread:15:00:01.946 connectionpool.py                         243 DEBUG    | Starting new HTTP connection (1): 10.5.5.9:8080
   MainThread:15:00:01.972 logger.py                                  71 DEBUG    | send: b'GET /gp/gpControl/setting/146/1 HTTP/1.1\r\nHost: 10.5.5.9:8080\r\nUser-Agent: python-requests/2.32.3\r\nAccept-Encoding: gzip, deflate\r\nAccept: */*\r\nConnection: keep-alive\r\n\r\n'
   MainThread:15:00:01.998 logger.py                                  71 DEBUG    | reply: 'HTTP/1.1 200 OK\r\n'
   MainThread:15:00:01.999 logger.py                                  71 DEBUG    | header: Content-Type: application/json
   MainThread:15:00:01.999 logger.py                                  71 DEBUG    | header: Content-Length: 3
   MainThread:15:00:01.999 connectionpool.py                         546 DEBUG    | http://10.5.5.9:8080 "GET /gp/gpControl/setting/146/1 HTTP/11" 200 3
   MainThread:15:00:02.000 connectionpool.py                         243 DEBUG    | Starting new HTTP connection (1): 10.5.5.9:8080
   MainThread:15:00:02.005 logger.py                                  71 DEBUG    | send: b'GET /gp/gpControl/setting/75/3 HTTP/1.1\r\nHost: 10.5.5.9:8080\r\nUser-Agent: python-requests/2.32.3\r\nAccept-Encoding: gzip, deflate\r\nAccept: */*\r\nConnection: keep-alive\r\n\r\n'
   MainThread:15:00:02.034 logger.py                                  71 DEBUG    | reply: 'HTTP/1.1 200 OK\r\n'
   MainThread:15:00:02.034 logger.py                                  71 DEBUG    | header: Content-Type: application/json
   MainThread:15:00:02.034 logger.py                                  71 DEBUG    | header: Content-Length: 3
   MainThread:15:00:02.034 connectionpool.py                         546 DEBUG    | http://10.5.5.9:8080 "GET /gp/gpControl/setting/75/3 HTTP/11" 200 3
   MainThread:15:00:02.035 connectionpool.py                         243 DEBUG    | Starting new HTTP connection (1): 10.5.5.9:8080
   MainThread:15:00:02.040 logger.py                                  71 DEBUG    | send: b'GET /gp/gpControl/setting/115/3 HTTP/1.1\r\nHost: 10.5.5.9:8080\r\nUser-Agent: python-requests/2.32.3\r\nAccept-Encoding: gzip, deflate\r\nAccept: */*\r\nConnection: keep-alive\r\n\r\n'
   MainThread:15:00:02.063 logger.py                                  71 DEBUG    | reply: 'HTTP/1.1 200 OK\r\n'
   MainThread:15:00:02.064 logger.py                                  71 DEBUG    | header: Content-Type: application/json
   MainThread:15:00:02.065 logger.py                                  71 DEBUG    | header: Content-Length: 3
   MainThread:15:00:02.065 connectionpool.py                         546 DEBUG    | http://10.5.5.9:8080 "GET /gp/gpControl/setting/115/3 HTTP/11" 200 3
   MainThread:15:00:02.072 connectionpool.py                         243 DEBUG    | Starting new HTTP connection (1): 10.5.5.9:8080
   MainThread:15:00:02.080 logger.py                                  71 DEBUG    | send: b'GET /gp/gpControl/setting/118/6 HTTP/1.1\r\nHost: 10.5.5.9:8080\r\nUser-Agent: python-requests/2.32.3\r\nAccept-Encoding: gzip, deflate\r\nAccept: */*\r\nConnection: keep-alive\r\n\r\n'
   MainThread:15:00:02.112 logger.py                                  71 DEBUG    | reply: 'HTTP/1.1 200 OK\r\n'
   MainThread:15:00:02.112 logger.py                                  71 DEBUG    | header: Content-Type: application/json
   MainThread:15:00:02.112 logger.py                                  71 DEBUG    | header: Content-Length: 3
   MainThread:15:00:02.112 connectionpool.py                         546 DEBUG    | http://10.5.5.9:8080 "GET /gp/gpControl/setting/118/6 HTTP/11" 200 3
   MainThread:15:00:47.918 connectionpool.py                         243 DEBUG    | Starting new HTTP connection (1): 10.5.5.9:8080
   MainThread:15:00:47.938 logger.py                                  71 DEBUG    | send: b'GET /gp/gpControl/setting/75/5 HTTP/1.1\r\nHost: 10.5.5.9:8080\r\nUser-Agent: python-requests/2.32.3\r\nAccept-Encoding: gzip, deflate\r\nAccept: */*\r\nConnection: keep-alive\r\n\r\n'
   MainThread:15:00:47.978 logger.py                                  71 DEBUG    | reply: 'HTTP/1.1 200 OK\r\n'
   MainThread:15:00:47.978 logger.py                                  71 DEBUG    | header: Content-Type: application/json
   MainThread:15:00:47.978 logger.py                                  71 DEBUG    | header: Content-Length: 3
   MainThread:15:00:47.978 connectionpool.py                         546 DEBUG    | http://10.5.5.9:8080 "GET /gp/gpControl/setting/75/5 HTTP/11" 200 3
